Last update: Mon Oct 27 16:25:25 UTC 2025
Last update: Mon Oct 27 16:25:41 UTC 2025
Last update: Tue Oct 28 08:51:15 UTC 2025
Last update: Wed Oct 29 08:52:02 UTC 2025
Last update: Thu Oct 30 08:49:22 UTC 2025
Last update: Fri Oct 31 08:47:44 UTC 2025
Last update: Sat Nov  1 08:41:10 UTC 2025
Last update: Sun Nov  2 08:38:10 UTC 2025
Last update: Mon Nov  3 08:52:29 UTC 2025
Last update: Tue Nov  4 08:25:07 UTC 2025
Last update: Wed Nov  5 08:25:08 UTC 2025
Last update: Thu Nov  6 08:24:52 UTC 2025
Last update: Fri Nov  7 08:24:37 UTC 2025
Last update: Sat Nov  8 08:20:59 UTC 2025
Last update: Sun Nov  9 08:19:58 UTC 2025
Last update: Mon Nov 10 08:26:06 UTC 2025
Last update: Tue Nov 11 08:24:19 UTC 2025
Last update: Wed Nov 12 08:25:16 UTC 2025
Last update: Thu Nov 13 08:24:26 UTC 2025
Last update: Fri Nov 14 08:24:15 UTC 2025
Last update: Sat Nov 15 08:21:06 UTC 2025
Last update: Sun Nov 16 08:21:39 UTC 2025
Last update: Mon Nov 17 08:27:06 UTC 2025
Last update: Tue Nov 18 08:25:09 UTC 2025
Last update: Wed Nov 19 08:25:06 UTC 2025
Last update: Thu Nov 20 08:25:23 UTC 2025
Last update: Fri Nov 21 08:25:57 UTC 2025
Last update: Sat Nov 22 08:21:50 UTC 2025
Last update: Sun Nov 23 08:22:09 UTC 2025
Last update: Mon Nov 24 08:26:56 UTC 2025
Last update: Tue Nov 25 08:26:17 UTC 2025
Last update: Wed Nov 26 08:25:38 UTC 2025
Last update: Thu Nov 27 08:26:16 UTC 2025
Last update: Fri Nov 28 08:25:57 UTC 2025
Last update: Sat Nov 29 08:23:06 UTC 2025
Last update: Sun Nov 30 08:22:04 UTC 2025
Last update: Mon Dec  1 08:29:29 UTC 2025
Last update: Tue Dec  2 08:27:22 UTC 2025
Last update: Wed Dec  3 08:26:38 UTC 2025
Last update: Thu Dec  4 08:26:51 UTC 2025
Last update: Fri Dec  5 08:25:34 UTC 2025
Last update: Sat Dec  6 08:22:41 UTC 2025
Last update: Sun Dec  7 08:22:09 UTC 2025
Last update: Mon Dec  8 08:28:59 UTC 2025
Last update: Tue Dec  9 08:27:44 UTC 2025
Last update: Wed Dec 10 08:27:06 UTC 2025
Last update: Thu Dec 11 08:27:41 UTC 2025
Last update: Fri Dec 12 08:27:51 UTC 2025
Last update: Sat Dec 13 08:23:00 UTC 2025
Last update: Sun Dec 14 08:23:31 UTC 2025
Last update: Mon Dec 15 08:29:58 UTC 2025
Last update: Tue Dec 16 08:28:12 UTC 2025
Last update: Wed Dec 17 08:28:03 UTC 2025
Last update: Thu Dec 18 08:27:30 UTC 2025
Last update: Fri Dec 19 08:27:11 UTC 2025
Last update: Sat Dec 20 08:23:00 UTC 2025
Last update: Sun Dec 21 08:23:40 UTC 2025
Last update: Mon Dec 22 08:28:26 UTC 2025
Last update: Tue Dec 23 08:27:36 UTC 2025
Last update: Wed Dec 24 08:27:32 UTC 2025
Last update: Thu Dec 25 08:26:33 UTC 2025
Last update: Fri Dec 26 08:26:16 UTC 2025
Last update: Sat Dec 27 08:24:10 UTC 2025
Last update: Sun Dec 28 08:24:28 UTC 2025
Last update: Mon Dec 29 08:29:17 UTC 2025
Last update: Tue Dec 30 08:27:20 UTC 2025
Last update: Wed Dec 31 08:27:19 UTC 2025
Last update: Thu Jan  1 08:27:27 UTC 2026
Last update: Fri Jan  2 08:27:05 UTC 2026
Last update: Sat Jan  3 08:25:04 UTC 2026
Last update: Sun Jan  4 08:25:42 UTC 2026
Last update: Mon Jan  5 08:30:28 UTC 2026
Last update: Tue Jan  6 08:28:33 UTC 2026
Last update: Wed Jan  7 08:28:30 UTC 2026
Last update: Thu Jan  8 08:28:33 UTC 2026
Last update: Fri Jan  9 08:28:03 UTC 2026
Last update: Sat Jan 10 08:24:19 UTC 2026
